[0.842s] Invoking command in '/home/aylar/turtle_game/ros2_ws/src/game_controller': DEBUGINFOD_URLS=https://debuginfod.ubuntu.com PYTHONPATH=/home/aylar/turtle_game/ros2_ws/build/game_controller/prefix_override:/usr/lib/python3/dist-packages/colcon_core/task/python/colcon_distutils_commands:/home/aylar/turtle_game/ros2_ws/install/game_controller/lib/python3.12/site-packages:${PYTHONPATH} /usr/bin/python3 -W ignore:setup.py install is deprecated setup.py egg_info --egg-base ../../build/game_controller build --build-base /home/aylar/turtle_game/ros2_ws/build/game_controller/build install --record /home/aylar/turtle_game/ros2_ws/build/game_controller/install.log --single-version-externally-managed install_data
[1.122s] running egg_info
[1.143s] writing ../../build/game_controller/game_controller.egg-info/PKG-INFO
[1.143s] writing dependency_links to ../../build/game_controller/game_controller.egg-info/dependency_links.txt
[1.143s] writing entry points to ../../build/game_controller/game_controller.egg-info/entry_points.txt
[1.144s] writing requirements to ../../build/game_controller/game_controller.egg-info/requires.txt
[1.144s] writing top-level names to ../../build/game_controller/game_controller.egg-info/top_level.txt
[1.184s] reading manifest file '../../build/game_controller/game_controller.egg-info/SOURCES.txt'
[1.185s] writing manifest file '../../build/game_controller/game_controller.egg-info/SOURCES.txt'
[1.185s] running build
[1.185s] running build_py
[1.186s] running install
[1.193s] running install_lib
[1.214s] running install_data
[1.214s] running install_egg_info
[1.236s] removing '/home/aylar/turtle_game/ros2_ws/install/game_controller/lib/python3.12/site-packages/game_controller-0.0.0-py3.12.egg-info' (and everything under it)
[1.236s] Copying ../../build/game_controller/game_controller.egg-info to /home/aylar/turtle_game/ros2_ws/install/game_controller/lib/python3.12/site-packages/game_controller-0.0.0-py3.12.egg-info
[1.237s] running install_scripts
[1.381s] Installing game_starter_node script to /home/aylar/turtle_game/ros2_ws/install/game_controller/lib/game_controller
[1.381s] Installing killer_node script to /home/aylar/turtle_game/ros2_ws/install/game_controller/lib/game_controller
[1.382s] writing list of installed files to '/home/aylar/turtle_game/ros2_ws/build/game_controller/install.log'
[1.411s] Invoked command in '/home/aylar/turtle_game/ros2_ws/src/game_controller' returned '0': DEBUGINFOD_URLS=https://debuginfod.ubuntu.com PYTHONPATH=/home/aylar/turtle_game/ros2_ws/build/game_controller/prefix_override:/usr/lib/python3/dist-packages/colcon_core/task/python/colcon_distutils_commands:/home/aylar/turtle_game/ros2_ws/install/game_controller/lib/python3.12/site-packages:${PYTHONPATH} /usr/bin/python3 -W ignore:setup.py install is deprecated setup.py egg_info --egg-base ../../build/game_controller build --build-base /home/aylar/turtle_game/ros2_ws/build/game_controller/build install --record /home/aylar/turtle_game/ros2_ws/build/game_controller/install.log --single-version-externally-managed install_data
