running develop
/usr/lib/python3/dist-packages/setuptools/command/develop.py:40: EasyInstallDeprecationWarning: easy_install command is deprecated.
!!

        ********************************************************************************
        Please avoid running ``setup.py`` and ``easy_install``.
        Instead, use pypa/build, pypa/installer or other
        standards-based tools.

        See https://github.com/pypa/setuptools/issues/917 for details.
        ********************************************************************************

!!
  easy_install.initialize_options(self)
running egg_info
writing game_controller.egg-info/PKG-INFO
writing dependency_links to game_controller.egg-info/dependency_links.txt
writing entry points to game_controller.egg-info/entry_points.txt
writing requirements to game_controller.egg-info/requires.txt
writing top-level names to game_controller.egg-info/top_level.txt
reading manifest file 'game_controller.egg-info/SOURCES.txt'
writing manifest file 'game_controller.egg-info/SOURCES.txt'
running build_ext
Creating /home/aylar/turtle_game/ros2_ws/install/game_controller/lib/python3.12/site-packages/game-controller.egg-link (link to .)
Installing game_starter_node script to /home/aylar/turtle_game/ros2_ws/install/game_controller/lib/game_controller
Installing killer_node script to /home/aylar/turtle_game/ros2_ws/install/game_controller/lib/game_controller

Installed /home/aylar/turtle_game/ros2_ws/build/game_controller
running symlink_data
symbolically linking /home/aylar/turtle_game/ros2_ws/build/game_controller/resource/game_controller -> /home/aylar/turtle_game/ros2_ws/install/game_controller/share/ament_index/resource_index/packages
symbolically linking /home/aylar/turtle_game/ros2_ws/build/game_controller/package.xml -> /home/aylar/turtle_game/ros2_ws/install/game_controller/share/game_controller
