running egg_info
writing ../../build/game_controller/game_controller.egg-info/PKG-INFO
writing dependency_links to ../../build/game_controller/game_controller.egg-info/dependency_links.txt
writing entry points to ../../build/game_controller/game_controller.egg-info/entry_points.txt
writing requirements to ../../build/game_controller/game_controller.egg-info/requires.txt
writing top-level names to ../../build/game_controller/game_controller.egg-info/top_level.txt
reading manifest file '../../build/game_controller/game_controller.egg-info/SOURCES.txt'
writing manifest file '../../build/game_controller/game_controller.egg-info/SOURCES.txt'
running build
running build_py
copying game_controller/game_logic.py -> /home/aylar/turtle_game/ros2_ws/build/game_controller/build/lib/game_controller
running install
running install_lib
copying /home/aylar/turtle_game/ros2_ws/build/game_controller/build/lib/game_controller/game_logic.py -> /home/aylar/turtle_game/ros2_ws/install/game_controller/lib/python3.12/site-packages/game_controller
byte-compiling /home/aylar/turtle_game/ros2_ws/install/game_controller/lib/python3.12/site-packages/game_controller/game_logic.py to game_logic.cpython-312.pyc
running install_data
running install_egg_info
removing '/home/aylar/turtle_game/ros2_ws/install/game_controller/lib/python3.12/site-packages/game_controller-0.0.0-py3.12.egg-info' (and everything under it)
Copying ../../build/game_controller/game_controller.egg-info to /home/aylar/turtle_game/ros2_ws/install/game_controller/lib/python3.12/site-packages/game_controller-0.0.0-py3.12.egg-info
running install_scripts
Installing game_starter_node script to /home/aylar/turtle_game/ros2_ws/install/game_controller/lib/game_controller
Installing killer_node script to /home/aylar/turtle_game/ros2_ws/install/game_controller/lib/game_controller
writing list of installed files to '/home/aylar/turtle_game/ros2_ws/build/game_controller/install.log'
