running develop
/usr/lib/python3/dist-packages/setuptools/command/develop.py:40: EasyInstallDeprecationWarning: easy_install command is deprecated.
!!

        ********************************************************************************
        Please avoid running ``setup.py`` and ``easy_install``.
        Instead, use pypa/build, pypa/installer or other
        standards-based tools.

        See https://github.com/pypa/setuptools/issues/917 for details.
        ********************************************************************************

!!
  easy_install.initialize_options(self)
Removing /home/aylar/turtle_game/ros2_ws/install/game_controller/lib/python3.12/site-packages/game-controller.egg-link (link to .)
running egg_info
writing ../../build/game_controller/game_controller.egg-info/PKG-INFO
writing dependency_links to ../../build/game_controller/game_controller.egg-info/dependency_links.txt
writing entry points to ../../build/game_controller/game_controller.egg-info/entry_points.txt
writing requirements to ../../build/game_controller/game_controller.egg-info/requires.txt
writing top-level names to ../../build/game_controller/game_controller.egg-info/top_level.txt
reading manifest file '../../build/game_controller/game_controller.egg-info/SOURCES.txt'
writing manifest file '../../build/game_controller/game_controller.egg-info/SOURCES.txt'
running build
running build_py
running install
running install_lib
creating /home/aylar/turtle_game/ros2_ws/install/game_controller/lib/python3.12/site-packages/game_controller
copying /home/aylar/turtle_game/ros2_ws/build/game_controller/build/lib/game_controller/kill_at_x_9.py -> /home/aylar/turtle_game/ros2_ws/install/game_controller/lib/python3.12/site-packages/game_controller
copying /home/aylar/turtle_game/ros2_ws/build/game_controller/build/lib/game_controller/__init__.py -> /home/aylar/turtle_game/ros2_ws/install/game_controller/lib/python3.12/site-packages/game_controller
copying /home/aylar/turtle_game/ros2_ws/build/game_controller/build/lib/game_controller/game_logic.py -> /home/aylar/turtle_game/ros2_ws/install/game_controller/lib/python3.12/site-packages/game_controller
byte-compiling /home/aylar/turtle_game/ros2_ws/install/game_controller/lib/python3.12/site-packages/game_controller/kill_at_x_9.py to kill_at_x_9.cpython-312.pyc
byte-compiling /home/aylar/turtle_game/ros2_ws/install/game_controller/lib/python3.12/site-packages/game_controller/__init__.py to __init__.cpython-312.pyc
byte-compiling /home/aylar/turtle_game/ros2_ws/install/game_controller/lib/python3.12/site-packages/game_controller/game_logic.py to game_logic.cpython-312.pyc
running install_data
copying resource/game_controller -> /home/aylar/turtle_game/ros2_ws/install/game_controller/share/ament_index/resource_index/packages
copying package.xml -> /home/aylar/turtle_game/ros2_ws/install/game_controller/share/game_controller
running install_egg_info
Copying ../../build/game_controller/game_controller.egg-info to /home/aylar/turtle_game/ros2_ws/install/game_controller/lib/python3.12/site-packages/game_controller-0.0.0-py3.12.egg-info
running install_scripts
Installing game_logic script to /home/aylar/turtle_game/ros2_ws/install/game_controller/lib/game_controller
Installing killer_node script to /home/aylar/turtle_game/ros2_ws/install/game_controller/lib/game_controller
writing list of installed files to '/home/aylar/turtle_game/ros2_ws/build/game_controller/install.log'
