[0.836s] Invoking command in '/home/aylar/turtle_game/ros2_ws/build/game_controller': DEBUGINFOD_URLS=https://debuginfod.ubuntu.com PYTHONPATH=/home/aylar/turtle_game/ros2_ws/build/game_controller/prefix_override:/usr/lib/python3/dist-packages/colcon_core/task/python/colcon_distutils_commands:/home/aylar/turtle_game/ros2_ws/install/game_controller/lib/python3.12/site-packages:${PYTHONPATH} /usr/bin/python3 -W ignore:setup.py install is deprecated setup.py develop --uninstall --editable --build-directory /home/aylar/turtle_game/ros2_ws/build/game_controller/build
[1.152s] running develop
[1.153s] /usr/lib/python3/dist-packages/setuptools/command/develop.py:40: EasyInstallDeprecationWarning: easy_install command is deprecated.
[1.153s] !!
[1.153s] 
[1.153s]         ********************************************************************************
[1.153s]         Please avoid running ``setup.py`` and ``easy_install``.
[1.153s]         Instead, use pypa/build, pypa/installer or other
[1.153s]         standards-based tools.
[1.153s] 
[1.153s]         See https://github.com/pypa/setuptools/issues/917 for details.
[1.153s]         ********************************************************************************
[1.153s] 
[1.153s] !!
[1.153s]   easy_install.initialize_options(self)
[1.361s] Removing /home/aylar/turtle_game/ros2_ws/install/game_controller/lib/python3.12/site-packages/game-controller.egg-link (link to .)
[1.391s] Invoked command in '/home/aylar/turtle_game/ros2_ws/build/game_controller' returned '0': DEBUGINFOD_URLS=https://debuginfod.ubuntu.com PYTHONPATH=/home/aylar/turtle_game/ros2_ws/build/game_controller/prefix_override:/usr/lib/python3/dist-packages/colcon_core/task/python/colcon_distutils_commands:/home/aylar/turtle_game/ros2_ws/install/game_controller/lib/python3.12/site-packages:${PYTHONPATH} /usr/bin/python3 -W ignore:setup.py install is deprecated setup.py develop --uninstall --editable --build-directory /home/aylar/turtle_game/ros2_ws/build/game_controller/build
[1.392s] Invoking command in '/home/aylar/turtle_game/ros2_ws/src/game_controller': DEBUGINFOD_URLS=https://debuginfod.ubuntu.com PYTHONPATH=/home/aylar/turtle_game/ros2_ws/build/game_controller/prefix_override:/usr/lib/python3/dist-packages/colcon_core/task/python/colcon_distutils_commands:/home/aylar/turtle_game/ros2_ws/install/game_controller/lib/python3.12/site-packages:${PYTHONPATH} /usr/bin/python3 -W ignore:setup.py install is deprecated setup.py egg_info --egg-base ../../build/game_controller build --build-base /home/aylar/turtle_game/ros2_ws/build/game_controller/build install --record /home/aylar/turtle_game/ros2_ws/build/game_controller/install.log --single-version-externally-managed install_data --force
[1.672s] running egg_info
[1.691s] writing ../../build/game_controller/game_controller.egg-info/PKG-INFO
[1.691s] writing dependency_links to ../../build/game_controller/game_controller.egg-info/dependency_links.txt
[1.691s] writing entry points to ../../build/game_controller/game_controller.egg-info/entry_points.txt
[1.691s] writing requirements to ../../build/game_controller/game_controller.egg-info/requires.txt
[1.691s] writing top-level names to ../../build/game_controller/game_controller.egg-info/top_level.txt
[1.732s] reading manifest file '../../build/game_controller/game_controller.egg-info/SOURCES.txt'
[1.733s] writing manifest file '../../build/game_controller/game_controller.egg-info/SOURCES.txt'
[1.733s] running build
[1.734s] running build_py
[1.734s] running install
[1.740s] running install_lib
[1.760s] creating /home/aylar/turtle_game/ros2_ws/install/game_controller/lib/python3.12/site-packages/game_controller
[1.760s] copying /home/aylar/turtle_game/ros2_ws/build/game_controller/build/lib/game_controller/kill_at_x_9.py -> /home/aylar/turtle_game/ros2_ws/install/game_controller/lib/python3.12/site-packages/game_controller
[1.760s] copying /home/aylar/turtle_game/ros2_ws/build/game_controller/build/lib/game_controller/__init__.py -> /home/aylar/turtle_game/ros2_ws/install/game_controller/lib/python3.12/site-packages/game_controller
[1.760s] copying /home/aylar/turtle_game/ros2_ws/build/game_controller/build/lib/game_controller/game_logic.py -> /home/aylar/turtle_game/ros2_ws/install/game_controller/lib/python3.12/site-packages/game_controller
[1.761s] byte-compiling /home/aylar/turtle_game/ros2_ws/install/game_controller/lib/python3.12/site-packages/game_controller/kill_at_x_9.py to kill_at_x_9.cpython-312.pyc
[1.762s] byte-compiling /home/aylar/turtle_game/ros2_ws/install/game_controller/lib/python3.12/site-packages/game_controller/__init__.py to __init__.cpython-312.pyc
[1.762s] byte-compiling /home/aylar/turtle_game/ros2_ws/install/game_controller/lib/python3.12/site-packages/game_controller/game_logic.py to game_logic.cpython-312.pyc
[1.763s] running install_data
[1.763s] copying resource/game_controller -> /home/aylar/turtle_game/ros2_ws/install/game_controller/share/ament_index/resource_index/packages
[1.764s] copying package.xml -> /home/aylar/turtle_game/ros2_ws/install/game_controller/share/game_controller
[1.764s] running install_egg_info
[1.784s] Copying ../../build/game_controller/game_controller.egg-info to /home/aylar/turtle_game/ros2_ws/install/game_controller/lib/python3.12/site-packages/game_controller-0.0.0-py3.12.egg-info
[1.785s] running install_scripts
[1.923s] Installing game_logic script to /home/aylar/turtle_game/ros2_ws/install/game_controller/lib/game_controller
[1.923s] Installing killer_node script to /home/aylar/turtle_game/ros2_ws/install/game_controller/lib/game_controller
[1.923s] writing list of installed files to '/home/aylar/turtle_game/ros2_ws/build/game_controller/install.log'
[1.956s] Invoked command in '/home/aylar/turtle_game/ros2_ws/src/game_controller' returned '0': DEBUGINFOD_URLS=https://debuginfod.ubuntu.com PYTHONPATH=/home/aylar/turtle_game/ros2_ws/build/game_controller/prefix_override:/usr/lib/python3/dist-packages/colcon_core/task/python/colcon_distutils_commands:/home/aylar/turtle_game/ros2_ws/install/game_controller/lib/python3.12/site-packages:${PYTHONPATH} /usr/bin/python3 -W ignore:setup.py install is deprecated setup.py egg_info --egg-base ../../build/game_controller build --build-base /home/aylar/turtle_game/ros2_ws/build/game_controller/build install --record /home/aylar/turtle_game/ros2_ws/build/game_controller/install.log --single-version-externally-managed install_data --force
