[1.015s] Invoking command in '/home/aylar/turtle_game/ros2_ws/src/game_controller': DEBUGINFOD_URLS=https://debuginfod.ubuntu.com PYTHONPATH=/home/aylar/turtle_game/ros2_ws/build/game_controller/prefix_override:/usr/lib/python3/dist-packages/colcon_core/task/python/colcon_distutils_commands:/home/aylar/turtle_game/ros2_ws/install/game_controller/lib/python3.12/site-packages:${PYTHONPATH} /usr/bin/python3 -W ignore:setup.py install is deprecated setup.py egg_info --egg-base ../../build/game_controller build --build-base /home/aylar/turtle_game/ros2_ws/build/game_controller/build install --record /home/aylar/turtle_game/ros2_ws/build/game_controller/install.log --single-version-externally-managed install_data
[1.268s] running egg_info
[1.268s] creating ../../build/game_controller/game_controller.egg-info
[1.286s] writing ../../build/game_controller/game_controller.egg-info/PKG-INFO
[1.286s] writing dependency_links to ../../build/game_controller/game_controller.egg-info/dependency_links.txt
[1.287s] writing entry points to ../../build/game_controller/game_controller.egg-info/entry_points.txt
[1.287s] writing requirements to ../../build/game_controller/game_controller.egg-info/requires.txt
[1.287s] writing top-level names to ../../build/game_controller/game_controller.egg-info/top_level.txt
[1.287s] writing manifest file '../../build/game_controller/game_controller.egg-info/SOURCES.txt'
[1.325s] reading manifest file '../../build/game_controller/game_controller.egg-info/SOURCES.txt'
[1.326s] writing manifest file '../../build/game_controller/game_controller.egg-info/SOURCES.txt'
[1.326s] running build
[1.326s] running build_py
[1.326s] creating /home/aylar/turtle_game/ros2_ws/build/game_controller/build
[1.326s] creating /home/aylar/turtle_game/ros2_ws/build/game_controller/build/lib
[1.326s] creating /home/aylar/turtle_game/ros2_ws/build/game_controller/build/lib/game_controller
[1.326s] copying game_controller/__init__.py -> /home/aylar/turtle_game/ros2_ws/build/game_controller/build/lib/game_controller
[1.327s] copying game_controller/game_logic.py -> /home/aylar/turtle_game/ros2_ws/build/game_controller/build/lib/game_controller
[1.327s] running install
[1.333s] running install_lib
[1.352s] creating /home/aylar/turtle_game/ros2_ws/install/game_controller/lib/python3.12/site-packages/game_controller
[1.352s] copying /home/aylar/turtle_game/ros2_ws/build/game_controller/build/lib/game_controller/__init__.py -> /home/aylar/turtle_game/ros2_ws/install/game_controller/lib/python3.12/site-packages/game_controller
[1.352s] copying /home/aylar/turtle_game/ros2_ws/build/game_controller/build/lib/game_controller/game_logic.py -> /home/aylar/turtle_game/ros2_ws/install/game_controller/lib/python3.12/site-packages/game_controller
[1.353s] byte-compiling /home/aylar/turtle_game/ros2_ws/install/game_controller/lib/python3.12/site-packages/game_controller/__init__.py to __init__.cpython-312.pyc
[1.353s] byte-compiling /home/aylar/turtle_game/ros2_ws/install/game_controller/lib/python3.12/site-packages/game_controller/game_logic.py to game_logic.cpython-312.pyc
[1.354s] running install_data
[1.354s] creating /home/aylar/turtle_game/ros2_ws/install/game_controller/share/ament_index
[1.354s] creating /home/aylar/turtle_game/ros2_ws/install/game_controller/share/ament_index/resource_index
[1.354s] creating /home/aylar/turtle_game/ros2_ws/install/game_controller/share/ament_index/resource_index/packages
[1.354s] copying resource/game_controller -> /home/aylar/turtle_game/ros2_ws/install/game_controller/share/ament_index/resource_index/packages
[1.354s] copying package.xml -> /home/aylar/turtle_game/ros2_ws/install/game_controller/share/game_controller
[1.354s] running install_egg_info
[1.375s] Copying ../../build/game_controller/game_controller.egg-info to /home/aylar/turtle_game/ros2_ws/install/game_controller/lib/python3.12/site-packages/game_controller-0.0.0-py3.12.egg-info
[1.376s] running install_scripts
[1.503s] Installing game_controller_node script to /home/aylar/turtle_game/ros2_ws/install/game_controller/lib/game_controller
[1.503s] writing list of installed files to '/home/aylar/turtle_game/ros2_ws/build/game_controller/install.log'
[1.531s] Invoked command in '/home/aylar/turtle_game/ros2_ws/src/game_controller' returned '0': DEBUGINFOD_URLS=https://debuginfod.ubuntu.com PYTHONPATH=/home/aylar/turtle_game/ros2_ws/build/game_controller/prefix_override:/usr/lib/python3/dist-packages/colcon_core/task/python/colcon_distutils_commands:/home/aylar/turtle_game/ros2_ws/install/game_controller/lib/python3.12/site-packages:${PYTHONPATH} /usr/bin/python3 -W ignore:setup.py install is deprecated setup.py egg_info --egg-base ../../build/game_controller build --build-base /home/aylar/turtle_game/ros2_ws/build/game_controller/build install --record /home/aylar/turtle_game/ros2_ws/build/game_controller/install.log --single-version-externally-managed install_data
