[1.261s] DEBUG:colcon:Command line arguments: ['/usr/bin/colcon', 'build']
[1.261s] DEBUG:colcon:Parsed command line arguments: Namespace(log_base=None, log_level=None, verb_name='build', build_base='build', install_base='install', merge_install=False, symlink_install=False, test_result_base=None, continue_on_error=False, executor='parallel', parallel_workers=8, event_handlers=None, ignore_user_meta=False, metas=['./colcon.meta'], base_paths=['.'], packages_ignore=None, packages_ignore_regex=None, paths=None, packages_up_to=None, packages_up_to_regex=None, packages_above=None, packages_above_and_dependencies=None, packages_above_depth=None, packages_select_by_dep=None, packages_skip_by_dep=None, packages_skip_up_to=None, packages_select_build_failed=False, packages_skip_build_finished=False, packages_select_test_failures=False, packages_skip_test_passed=False, packages_select=None, packages_skip=None, packages_select_regex=None, packages_skip_regex=None, packages_start=None, packages_end=None, allow_overriding=[], cmake_args=None, cmake_target=None, cmake_target_skip_unavailable=False, cmake_clean_cache=False, cmake_clean_first=False, cmake_force_configure=False, ament_cmake_args=None, catkin_cmake_args=None, catkin_skip_building_tests=False, verb_parser=<colcon_defaults.argument_parser.defaults.DefaultArgumentsDecorator object at 0x719538d623f0>, verb_extension=<colcon_core.verb.build.BuildVerb object at 0x719538ede9f0>, main=<bound method BuildVerb.main of <colcon_core.verb.build.BuildVerb object at 0x719538ede9f0>>)
[1.427s] Level 1:colcon.colcon_core.package_discovery:discover_packages(colcon_meta) check parameters
[1.427s] Level 1:colcon.colcon_core.package_discovery:discover_packages(recursive) check parameters
[1.427s] Level 1:colcon.colcon_core.package_discovery:discover_packages(ignore) check parameters
[1.427s] Level 1:colcon.colcon_core.package_discovery:discover_packages(path) check parameters
[1.427s] Level 1:colcon.colcon_core.package_discovery:discover_packages(colcon_meta) discover
[1.428s] Level 1:colcon.colcon_core.package_discovery:discover_packages(recursive) discover
[1.428s] INFO:colcon.colcon_core.package_discovery:Crawling recursively for packages in '/home/aylar/turtle_game/ros2_ws'
[1.428s] Level 1:colcon.colcon_core.package_identification:_identify(.) by extensions ['ignore', 'ignore_ament_install']
[1.428s] Level 1:colcon.colcon_core.package_identification:_identify(.) by extension 'ignore'
[1.428s] Level 1:colcon.colcon_core.package_identification:_identify(.) by extension 'ignore_ament_install'
[1.428s] Level 1:colcon.colcon_core.package_identification:_identify(.) by extensions ['colcon_pkg']
[1.428s] Level 1:colcon.colcon_core.package_identification:_identify(.) by extension 'colcon_pkg'
[1.428s] Level 1:colcon.colcon_core.package_identification:_identify(.) by extensions ['colcon_meta']
[1.428s] Level 1:colcon.colcon_core.package_identification:_identify(.) by extension 'colcon_meta'
[1.428s] Level 1:colcon.colcon_core.package_identification:_identify(.) by extensions ['ros']
[1.428s] Level 1:colcon.colcon_core.package_identification:_identify(.) by extension 'ros'
[1.451s] Level 1:colcon.colcon_core.package_identification:_identify(.) by extensions ['cmake', 'python']
[1.451s] Level 1:colcon.colcon_core.package_identification:_identify(.) by extension 'cmake'
[1.451s] Level 1:colcon.colcon_core.package_identification:_identify(.) by extension 'python'
[1.451s] Level 1:colcon.colcon_core.package_identification:_identify(.) by extensions ['python_setup_py']
[1.451s] Level 1:colcon.colcon_core.package_identification:_identify(.) by extension 'python_setup_py'
[1.451s] Level 1:colcon.colcon_core.package_identification:_identify(build) by extensions ['ignore', 'ignore_ament_install']
[1.451s] Level 1:colcon.colcon_core.package_identification:_identify(build) by extension 'ignore'
[1.451s] Level 1:colcon.colcon_core.package_identification:_identify(build) ignored
[1.451s] Level 1:colcon.colcon_core.package_identification:_identify(install) by extensions ['ignore', 'ignore_ament_install']
[1.452s] Level 1:colcon.colcon_core.package_identification:_identify(install) by extension 'ignore'
[1.452s] Level 1:colcon.colcon_core.package_identification:_identify(install) ignored
[1.452s] Level 1:colcon.colcon_core.package_identification:_identify(launch) by extensions ['ignore', 'ignore_ament_install']
[1.452s] Level 1:colcon.colcon_core.package_identification:_identify(launch) by extension 'ignore'
[1.452s] Level 1:colcon.colcon_core.package_identification:_identify(launch) by extension 'ignore_ament_install'
[1.452s] Level 1:colcon.colcon_core.package_identification:_identify(launch) by extensions ['colcon_pkg']
[1.452s] Level 1:colcon.colcon_core.package_identification:_identify(launch) by extension 'colcon_pkg'
[1.452s] Level 1:colcon.colcon_core.package_identification:_identify(launch) by extensions ['colcon_meta']
[1.452s] Level 1:colcon.colcon_core.package_identification:_identify(launch) by extension 'colcon_meta'
[1.452s] Level 1:colcon.colcon_core.package_identification:_identify(launch) by extensions ['ros']
[1.452s] Level 1:colcon.colcon_core.package_identification:_identify(launch) by extension 'ros'
[1.452s] Level 1:colcon.colcon_core.package_identification:_identify(launch) by extensions ['cmake', 'python']
[1.452s] Level 1:colcon.colcon_core.package_identification:_identify(launch) by extension 'cmake'
[1.452s] Level 1:colcon.colcon_core.package_identification:_identify(launch) by extension 'python'
[1.452s] Level 1:colcon.colcon_core.package_identification:_identify(launch) by extensions ['python_setup_py']
[1.452s] Level 1:colcon.colcon_core.package_identification:_identify(launch) by extension 'python_setup_py'
[1.452s] Level 1:colcon.colcon_core.package_identification:_identify(log) by extensions ['ignore', 'ignore_ament_install']
[1.452s] Level 1:colcon.colcon_core.package_identification:_identify(log) by extension 'ignore'
[1.453s] Level 1:colcon.colcon_core.package_identification:_identify(log) ignored
[1.453s] Level 1:colcon.colcon_core.package_identification:_identify(src) by extensions ['ignore', 'ignore_ament_install']
[1.453s] Level 1:colcon.colcon_core.package_identification:_identify(src) by extension 'ignore'
[1.453s] Level 1:colcon.colcon_core.package_identification:_identify(src) by extension 'ignore_ament_install'
[1.453s] Level 1:colcon.colcon_core.package_identification:_identify(src) by extensions ['colcon_pkg']
[1.453s] Level 1:colcon.colcon_core.package_identification:_identify(src) by extension 'colcon_pkg'
[1.453s] Level 1:colcon.colcon_core.package_identification:_identify(src) by extensions ['colcon_meta']
[1.453s] Level 1:colcon.colcon_core.package_identification:_identify(src) by extension 'colcon_meta'
[1.453s] Level 1:colcon.colcon_core.package_identification:_identify(src) by extensions ['ros']
[1.453s] Level 1:colcon.colcon_core.package_identification:_identify(src) by extension 'ros'
[1.453s] Level 1:colcon.colcon_core.package_identification:_identify(src) by extensions ['cmake', 'python']
[1.453s] Level 1:colcon.colcon_core.package_identification:_identify(src) by extension 'cmake'
[1.453s] Level 1:colcon.colcon_core.package_identification:_identify(src) by extension 'python'
[1.453s] Level 1:colcon.colcon_core.package_identification:_identify(src) by extensions ['python_setup_py']
[1.453s] Level 1:colcon.colcon_core.package_identification:_identify(src) by extension 'python_setup_py'
[1.453s] Level 1:colcon.colcon_core.package_identification:_identify(src/game_controller) by extensions ['ignore', 'ignore_ament_install']
[1.453s] Level 1:colcon.colcon_core.package_identification:_identify(src/game_controller) by extension 'ignore'
[1.453s] Level 1:colcon.colcon_core.package_identification:_identify(src/game_controller) by extension 'ignore_ament_install'
[1.453s] Level 1:colcon.colcon_core.package_identification:_identify(src/game_controller) by extensions ['colcon_pkg']
[1.453s] Level 1:colcon.colcon_core.package_identification:_identify(src/game_controller) by extension 'colcon_pkg'
[1.453s] Level 1:colcon.colcon_core.package_identification:_identify(src/game_controller) by extensions ['colcon_meta']
[1.453s] Level 1:colcon.colcon_core.package_identification:_identify(src/game_controller) by extension 'colcon_meta'
[1.454s] Level 1:colcon.colcon_core.package_identification:_identify(src/game_controller) by extensions ['ros']
[1.454s] Level 1:colcon.colcon_core.package_identification:_identify(src/game_controller) by extension 'ros'
[1.456s] DEBUG:colcon.colcon_core.package_identification:Package 'src/game_controller' with type 'ros.ament_python' and name 'game_controller'
[1.456s] Level 1:colcon.colcon_core.package_discovery:discover_packages(recursive) using defaults
[1.456s] Level 1:colcon.colcon_core.package_discovery:discover_packages(ignore) discover
[1.457s] Level 1:colcon.colcon_core.package_discovery:discover_packages(ignore) using defaults
[1.457s] Level 1:colcon.colcon_core.package_discovery:discover_packages(path) discover
[1.457s] Level 1:colcon.colcon_core.package_discovery:discover_packages(path) using defaults
[1.475s] Level 1:colcon.colcon_core.package_discovery:discover_packages(prefix_path) check parameters
[1.475s] Level 1:colcon.colcon_core.package_discovery:discover_packages(prefix_path) discover
[1.482s] DEBUG:colcon.colcon_installed_package_information.package_discovery:Found 285 installed packages in /opt/ros/jazzy
[1.483s] Level 1:colcon.colcon_core.package_discovery:discover_packages(prefix_path) using defaults
[1.573s] Level 5:colcon.colcon_core.verb:set package 'game_controller' build argument 'cmake_args' from command line to 'None'
[1.574s] Level 5:colcon.colcon_core.verb:set package 'game_controller' build argument 'cmake_target' from command line to 'None'
[1.574s] Level 5:colcon.colcon_core.verb:set package 'game_controller' build argument 'cmake_target_skip_unavailable' from command line to 'False'
[1.574s] Level 5:colcon.colcon_core.verb:set package 'game_controller' build argument 'cmake_clean_cache' from command line to 'False'
[1.574s] Level 5:colcon.colcon_core.verb:set package 'game_controller' build argument 'cmake_clean_first' from command line to 'False'
[1.574s] Level 5:colcon.colcon_core.verb:set package 'game_controller' build argument 'cmake_force_configure' from command line to 'False'
[1.574s] Level 5:colcon.colcon_core.verb:set package 'game_controller' build argument 'ament_cmake_args' from command line to 'None'
[1.574s] Level 5:colcon.colcon_core.verb:set package 'game_controller' build argument 'catkin_cmake_args' from command line to 'None'
[1.574s] Level 5:colcon.colcon_core.verb:set package 'game_controller' build argument 'catkin_skip_building_tests' from command line to 'False'
[1.574s] DEBUG:colcon.colcon_core.verb:Building package 'game_controller' with the following arguments: {'ament_cmake_args': None, 'build_base': '/home/aylar/turtle_game/ros2_ws/build/game_controller', 'catkin_cmake_args': None, 'catkin_skip_building_tests': False, 'cmake_args': None, 'cmake_clean_cache': False, 'cmake_clean_first': False, 'cmake_force_configure': False, 'cmake_target': None, 'cmake_target_skip_unavailable': False, 'install_base': '/home/aylar/turtle_game/ros2_ws/install/game_controller', 'merge_install': False, 'path': '/home/aylar/turtle_game/ros2_ws/src/game_controller', 'symlink_install': False, 'test_result_base': None}
[1.574s] INFO:colcon.colcon_core.executor:Executing jobs using 'parallel' executor
[1.575s] DEBUG:colcon.colcon_parallel_executor.executor.parallel:run_until_complete
[1.575s] INFO:colcon.colcon_ros.task.ament_python.build:Building ROS package in '/home/aylar/turtle_game/ros2_ws/src/game_controller' with build type 'ament_python'
[1.575s] Level 1:colcon.colcon_core.shell:create_environment_hook('game_controller', 'ament_prefix_path')
[1.579s] INFO:colcon.colcon_core.plugin_system:Skipping extension 'colcon_core.shell.bat': Not used on non-Windows systems
[1.580s] INFO:colcon.colcon_core.shell:Creating environment hook '/home/aylar/turtle_game/ros2_ws/install/game_controller/share/game_controller/hook/ament_prefix_path.ps1'
[1.581s] INFO:colcon.colcon_core.shell:Creating environment descriptor '/home/aylar/turtle_game/ros2_ws/install/game_controller/share/game_controller/hook/ament_prefix_path.dsv'
[1.590s] INFO:colcon.colcon_core.shell:Creating environment hook '/home/aylar/turtle_game/ros2_ws/install/game_controller/share/game_controller/hook/ament_prefix_path.sh'
[1.591s] INFO:colcon.colcon_core.shell:Skip shell extension 'powershell' for command environment: Not usable outside of PowerShell
[1.591s] DEBUG:colcon.colcon_core.shell:Skip shell extension 'dsv' for command environment
[1.857s] INFO:colcon.colcon_core.task.python.build:Building Python package in '/home/aylar/turtle_game/ros2_ws/src/game_controller'
[1.857s] INFO:colcon.colcon_core.shell:Skip shell extension 'powershell' for command environment: Not usable outside of PowerShell
[1.857s] DEBUG:colcon.colcon_core.shell:Skip shell extension 'dsv' for command environment
[4.716s] DEBUG:colcon.colcon_core.event_handler.log_command:Invoking command in '/home/aylar/turtle_game/ros2_ws/src/game_controller': DEBUGINFOD_URLS=https://debuginfod.ubuntu.com PYTHONPATH=/home/aylar/turtle_game/ros2_ws/build/game_controller/prefix_override:/usr/lib/python3/dist-packages/colcon_core/task/python/colcon_distutils_commands:/home/aylar/turtle_game/ros2_ws/install/game_controller/lib/python3.12/site-packages:${PYTHONPATH} /usr/bin/python3 -W ignore:setup.py install is deprecated setup.py egg_info --egg-base ../../build/game_controller build --build-base /home/aylar/turtle_game/ros2_ws/build/game_controller/build install --record /home/aylar/turtle_game/ros2_ws/build/game_controller/install.log --single-version-externally-managed install_data
[5.803s] DEBUG:colcon.colcon_core.event_handler.log_command:Invoked command in '/home/aylar/turtle_game/ros2_ws/src/game_controller' returned '0': DEBUGINFOD_URLS=https://debuginfod.ubuntu.com PYTHONPATH=/home/aylar/turtle_game/ros2_ws/build/game_controller/prefix_override:/usr/lib/python3/dist-packages/colcon_core/task/python/colcon_distutils_commands:/home/aylar/turtle_game/ros2_ws/install/game_controller/lib/python3.12/site-packages:${PYTHONPATH} /usr/bin/python3 -W ignore:setup.py install is deprecated setup.py egg_info --egg-base ../../build/game_controller build --build-base /home/aylar/turtle_game/ros2_ws/build/game_controller/build install --record /home/aylar/turtle_game/ros2_ws/build/game_controller/install.log --single-version-externally-managed install_data
[5.807s] Level 1:colcon.colcon_core.environment:checking '/home/aylar/turtle_game/ros2_ws/install/game_controller' for CMake module files
[5.808s] Level 1:colcon.colcon_core.environment:checking '/home/aylar/turtle_game/ros2_ws/install/game_controller' for CMake config files
[5.808s] Level 1:colcon.colcon_core.environment:checking '/home/aylar/turtle_game/ros2_ws/install/game_controller/lib'
[5.808s] Level 1:colcon.colcon_core.environment:checking '/home/aylar/turtle_game/ros2_ws/install/game_controller/bin'
[5.808s] Level 1:colcon.colcon_core.environment:checking '/home/aylar/turtle_game/ros2_ws/install/game_controller/lib/pkgconfig/game_controller.pc'
[5.809s] Level 1:colcon.colcon_core.environment:checking '/home/aylar/turtle_game/ros2_ws/install/game_controller/lib/python3.12/site-packages'
[5.809s] Level 1:colcon.colcon_core.shell:create_environment_hook('game_controller', 'pythonpath')
[5.809s] INFO:colcon.colcon_core.shell:Creating environment hook '/home/aylar/turtle_game/ros2_ws/install/game_controller/share/game_controller/hook/pythonpath.ps1'
[5.810s] INFO:colcon.colcon_core.shell:Creating environment descriptor '/home/aylar/turtle_game/ros2_ws/install/game_controller/share/game_controller/hook/pythonpath.dsv'
[5.810s] INFO:colcon.colcon_core.shell:Creating environment hook '/home/aylar/turtle_game/ros2_ws/install/game_controller/share/game_controller/hook/pythonpath.sh'
[5.810s] Level 1:colcon.colcon_core.environment:checking '/home/aylar/turtle_game/ros2_ws/install/game_controller/bin'
[5.810s] Level 1:colcon.colcon_core.environment:create_environment_scripts_only(game_controller)
[5.811s] INFO:colcon.colcon_core.shell:Creating package script '/home/aylar/turtle_game/ros2_ws/install/game_controller/share/game_controller/package.ps1'
[5.812s] INFO:colcon.colcon_core.shell:Creating package descriptor '/home/aylar/turtle_game/ros2_ws/install/game_controller/share/game_controller/package.dsv'
[5.812s] INFO:colcon.colcon_core.shell:Creating package script '/home/aylar/turtle_game/ros2_ws/install/game_controller/share/game_controller/package.sh'
[5.814s] INFO:colcon.colcon_core.shell:Creating package script '/home/aylar/turtle_game/ros2_ws/install/game_controller/share/game_controller/package.bash'
[5.845s] INFO:colcon.colcon_core.shell:Creating package script '/home/aylar/turtle_game/ros2_ws/install/game_controller/share/game_controller/package.zsh'
[5.847s] Level 1:colcon.colcon_core.environment:create_file_with_runtime_dependencies(/home/aylar/turtle_game/ros2_ws/install/game_controller/share/colcon-core/packages/game_controller)
[5.847s] DEBUG:colcon.colcon_parallel_executor.executor.parallel:closing loop
[5.848s] DEBUG:colcon.colcon_parallel_executor.executor.parallel:loop closed
[5.848s] DEBUG:colcon.colcon_parallel_executor.executor.parallel:run_until_complete finished with '0'
[5.848s] DEBUG:colcon.colcon_core.event_reactor:joining thread
[5.856s] INFO:colcon.colcon_core.plugin_system:Skipping extension 'colcon_notification.desktop_notification.terminal_notifier': Not used on non-Darwin systems
[5.856s] INFO:colcon.colcon_core.plugin_system:Skipping extension 'colcon_notification.desktop_notification.win32': Not used on non-Windows systems
[5.856s] INFO:colcon.colcon_notification.desktop_notification:Sending desktop notification using 'notify2'
[5.876s] DEBUG:colcon.colcon_core.event_reactor:joined thread
[5.876s] INFO:colcon.colcon_core.shell:Creating prefix script '/home/aylar/turtle_game/ros2_ws/install/local_setup.ps1'
[5.879s] INFO:colcon.colcon_core.shell:Creating prefix util module '/home/aylar/turtle_game/ros2_ws/install/_local_setup_util_ps1.py'
[5.880s] INFO:colcon.colcon_core.shell:Creating prefix chain script '/home/aylar/turtle_game/ros2_ws/install/setup.ps1'
[5.881s] INFO:colcon.colcon_core.shell:Creating prefix script '/home/aylar/turtle_game/ros2_ws/install/local_setup.sh'
[5.882s] INFO:colcon.colcon_core.shell:Creating prefix util module '/home/aylar/turtle_game/ros2_ws/install/_local_setup_util_sh.py'
[5.883s] INFO:colcon.colcon_core.shell:Creating prefix chain script '/home/aylar/turtle_game/ros2_ws/install/setup.sh'
[5.884s] INFO:colcon.colcon_core.shell:Creating prefix script '/home/aylar/turtle_game/ros2_ws/install/local_setup.bash'
[5.884s] INFO:colcon.colcon_core.shell:Creating prefix chain script '/home/aylar/turtle_game/ros2_ws/install/setup.bash'
[5.885s] INFO:colcon.colcon_core.shell:Creating prefix script '/home/aylar/turtle_game/ros2_ws/install/local_setup.zsh'
[5.886s] INFO:colcon.colcon_core.shell:Creating prefix chain script '/home/aylar/turtle_game/ros2_ws/install/setup.zsh'
